This is pdfTeX, Version 3.141592653-2.6-1.40.22 (TeX Live 2022/dev/Debian) (preloaded format=latex 2024.4.12)  13 AUG 2024 18:24
entering extended mode
 restricted \write18 enabled.
 %&-line parsing enabled.
**texto/tcc.tex
(./texto/tcc.tex
LaTeX2e <2021-11-15> patch level 1
L3 programming layer <2022-01-21>

! LaTeX Error: File `fixos/pacotes.tex' not found.

Type X to quit or <RETURN> to proceed,
or enter new name. (Default extension: tex)

Enter file name: bla

! LaTeX Error: File `bla.tex' not found.

Type X to quit or <RETURN> to proceed,
or enter new name. (Default extension: tex)

Enter file name: tcc.tex

! LaTeX Error: File `tcc.tex' not found.

Type X to quit or <RETURN> to proceed,
or enter new name. (Default extension: tex)

Enter file name: texto/tcc.tex
(./texto/tcc.tex

! LaTeX Error: File `fixos/pacotes.tex' not found.

Type X to quit or <RETURN> to proceed,
or enter new name. (Default extension: tex)

Enter file name: 
(/usr/share/texlive/texmf-dist/tex/latex/tools/.tex File ignored)

! LaTeX Error: File `fixos/comandos.tex' not found.

Type X to quit or <RETURN> to proceed,
or enter new name. (Default extension: tex)

Enter file name: 
(/usr/share/texlive/texmf-dist/tex/latex/tools/.tex File ignored)

! LaTeX Error: \usepackage before \documentclass.

See the LaTeX manual or LaTeX Companion for explanation.
Type  H <return>  for immediate help.
 ...                                              
                                                  
l.3 \usepackage{
                fixos/customizacoes}
? ^^[^^[^^[^^[
Type <return> to proceed, S to scroll future error messages,
R to run without stopping, Q to run quietly,
I to insert something, E to edit your file,
1 or ... or 9 to ignore the next 1 to 9 tokens of input,
H for help, X to quit.
? x
 
Here is how much of TeX's memory you used:
 41 strings out of 478288
 1028 string characters out of 5849315
 288997 words of memory out of 5000000
 18325 multiletter control sequences out of 15000+600000
 469259 words of font info for 28 fonts, out of 8000000 for 9000
 1141 hyphenation exceptions out of 8191
 23i,0n,29p,138b,18s stack positions out of 5000i,500n,10000p,200000b,80000s
No pages of output.
