This is pdfTeX, Version 3.141592653-2.6-1.40.22 (TeX Live 2022/dev/Debian) (preloaded format=pdflatex 2024.4.12)  7 FEB 2025 20:03
entering extended mode
 restricted \write18 enabled.
 file:line:error style messages enabled.
 %&-line parsing enabled.
**/home/joselito/git/tcc/texto/tcc.tex
(/home/joselito/git/tcc/texto/tcc.tex
LaTeX2e <2021-11-15> patch level 1
L3 programming layer <2022-01-21> (./fixos/pacotes.tex (/usr/share/texlive/texmf-dist/tex/latex/abntex2/abntex2.cls
Document Class: abntex2 2018/11/24 v-1.9.7 abnTeX2
(/usr/share/texlive/texmf-dist/tex/latex/base/ifthen.sty
Package: ifthen 2020/11/24 v1.1c Standard LaTeX ifthen package (DPC)
) (/usr/share/texlive/texmf-dist/tex/latex/memoir/memoir.cls
Document Class: memoir 2021/06/16 v3.7p configurable book, report, article document class
\onelineskip=\skip47
\lxvchars=\skip48
\xlvchars=\skip49
\@memcnta=\count185
\c@@memmarkcntra=\count186
(/usr/share/texlive/texmf-dist/tex/generic/iftex/iftex.sty
Package: iftex 2020/03/06 v1.0d TeX engine tests
)
\stockheight=\skip50
\stockwidth=\skip51
\trimtop=\skip52
\trimedge=\skip53
 (/usr/share/texlive/texmf-dist/tex/latex/memoir/mem12.clo
File: mem12.clo 2010/10/19 v0.4b memoir class 12pt size option
)
\binding=\skip54
\spinemargin=\skip55
\foremargin=\skip56
\uppermargin=\skip57
\lowermargin=\skip58
\headdrop=\skip59
\normalrulethickness=\skip60
\mem@maxheadheight=\skip61
\mem@maxfootheight=\skip62
\headwidth=\skip63
\c@storedpagenumber=\count187
\memPD=\dimen138
\m@mabparskip=\skip64
\thanksmarkwidth=\skip65
\thanksmarksep=\skip66
\droptitle=\skip67
\c@book=\count188
\c@part=\count189
\c@chapter=\count190
\c@section=\count191
\c@subsection=\count192
\c@subsubsection=\count193
\c@paragraph=\count194
\c@subparagraph=\count195
\beforechapskip=\skip68
\midchapskip=\skip69
\afterchapskip=\skip70
\chapindent=\skip71
\bottomsectionskip=\skip72
\secindent=\skip73
\beforesecskip=\skip74
\aftersecskip=\skip75
\subsecindent=\skip76
\beforesubsecskip=\skip77
\aftersubsecskip=\skip78
\subsubsecindent=\skip79
\beforesubsubsecskip=\skip80
\aftersubsubsecskip=\skip81
\paraindent=\skip82
\beforeparaskip=\skip83
\afterparaskip=\skip84
\subparaindent=\skip85
\beforesubparaskip=\skip86
\aftersubparaskip=\skip87
\pfbreakskip=\skip88
\c@@ppsavesec=\count196
\c@@ppsaveapp=\count197
\ragrparindent=\dimen139
\everylistparindent=\dimen140
\parsepi=\skip89
\topsepi=\skip90
\itemsepi=\skip91
\parsepii=\skip92
\topsepii=\skip93
\topsepiii=\skip94
\itemsepii=\skip95
\itemsepiii=\skip96
\partopsepii=\skip97
\partopsepiii=\skip98
\m@msavetopsep=\skip99
\m@msavepartopsep=\skip100
\@enLab=\toks16
\abstitleskip=\skip101
\absleftindent=\skip102
\abs@leftindent=\dimen141
\absrightindent=\skip103
\absparindent=\skip104
\absparsep=\skip105
\c@vslineno=\count198
\c@poemline=\count199
\c@modulo@vs=\count266
\c@memfvsline=\count267
\vleftskip=\skip106
\vrightskip=\skip107
\stanzaskip=\skip108
\versewidth=\skip109
\vgap=\skip110
\vindent=\skip111
\vleftmargin=\dimen142
\c@verse=\count268
\c@chrsinstr=\count269
\beforepoemtitleskip=\skip112
\afterpoemtitleskip=\skip113
\c@poem=\count270
\beforePoemTitleskip=\skip114
\midPoemTitleskip=\skip115
\afterPoemTitleskip=\skip116
 (/usr/share/texlive/texmf-dist/tex/latex/tools/array.sty
Package: array 2021/10/04 v2.5f Tabular extension package (FMi)
\col@sep=\dimen143
\ar@mcellbox=\box50
\extrarowheight=\dimen144
\NC@list=\toks17
\extratabsurround=\skip117
\backup@length=\skip118
\ar@cellbox=\box51
) (/usr/share/texlive/texmf-dist/tex/latex/tools/dcolumn.sty
Package: dcolumn 2014/10/28 v1.06 decimal alignment package (DPC)
) (/usr/share/texlive/texmf-dist/tex/latex/tools/delarray.sty
Package: delarray 2014/10/28 v1.01 array delimiter package (DPC)
) (/usr/share/texlive/texmf-dist/tex/latex/tools/tabularx.sty
Package: tabularx 2020/01/15 v2.11c `tabularx' package (DPC)
\TX@col@width=\dimen145
\TX@old@table=\dimen146
\TX@old@col=\dimen147
\TX@target=\dimen148
\TX@delta=\dimen149
\TX@cols=\count271
\TX@ftn=\toks18
)
\heavyrulewidth=\dimen150
\lightrulewidth=\dimen151
\cmidrulewidth=\dimen152
\belowrulesep=\dimen153
\belowbottomsep=\dimen154
\aboverulesep=\dimen155
\abovetopsep=\dimen156
\cmidrulesep=\dimen157
\cmidrulekern=\dimen158
\defaultaddspace=\dimen159
\@cmidla=\count272
\@cmidlb=\count273
\@aboverulesep=\dimen160
\@belowrulesep=\dimen161
\@thisruleclass=\count274
\@lastruleclass=\count275
\@thisrulewidth=\dimen162
\ctableftskip=\skip119
\ctabrightskip=\skip120
\abovecolumnspenalty=\count276
\@linestogo=\count277
\@cellstogo=\count278
\@cellsincolumn=\count279
\crtok=\toks19
\@mincolumnwidth=\dimen163
\c@newflo@tctr=\count280
\mem@margin@floatbox=\box52
\@contcwidth=\skip121
\@contindw=\skip122
\abovecaptionskip=\skip123
\belowcaptionskip=\skip124
\subfloattopskip=\skip125
\subfloatcapskip=\skip126
\subfloatcaptopadj=\skip127
\subfloatbottomskip=\skip128
\subfloatlabelskip=\skip129
\subfloatcapmargin=\dimen164
\c@@contsubnum=\count281
\m@mscap@capbox=\box53
\m@mscap@fbox=\box54
\sidecapsep=\dimen165
\sidecapwidth=\dimen166
\m@m@tempdima=\dimen167
\m@mscapraise=\dimen168
\sidecapraise=\dimen169
\m@mscapmainwidth=\dimen170
\m@mscaplkern=\dimen171
\beforeepigraphskip=\skip130
\afterepigraphskip=\skip131
\epigraphwidth=\skip132
\epigraphrule=\skip133
LaTeX Info: Redefining \em on input line 7654.
LaTeX Info: Redefining \emph on input line 7662.
\tocentryskip=\skip134
\tocbaseline=\skip135
\cftparskip=\skip136
\cftbeforebookskip=\skip137
\cftbookindent=\dimen172
\cftbooknumwidth=\dimen173
\cftbeforepartskip=\skip138
\cftpartindent=\skip139
\cftpartnumwidth=\skip140
\cftbeforechapterskip=\skip141
\cftchapterindent=\skip142
\cftchapternumwidth=\skip143
\cftbeforesectionskip=\skip144
\cftsectionindent=\skip145
\cftsectionnumwidth=\skip146
\cftbeforesubsectionskip=\skip147
\cftsubsectionindent=\skip148
\cftsubsectionnumwidth=\skip149
\cftbeforesubsubsectionskip=\skip150
\cftsubsubsectionindent=\skip151
\cftsubsubsectionnumwidth=\skip152
\cftbeforeparagraphskip=\skip153
\cftparagraphindent=\skip154
\cftparagraphnumwidth=\skip155
\cftbeforesubparagraphskip=\skip156
\cftsubparagraphindent=\skip157
\cftsubparagraphnumwidth=\skip158
\prechapterprecisshift=\dimen174
\c@maxsecnumdepth=\count282
\bibindent=\dimen175
\bibitemsep=\skip159
\indexcolsep=\skip160
\indexrule=\skip161
\indexmarkstyle=\toks20
\@indexbox=\insert252
\glossarycolsep=\dimen176
\glossaryrule=\dimen177
\sideparvshift=\skip162
\sideins=\insert251
\sidebartopsep=\skip163
\sidebarhsep=\skip164
\sidebarvsep=\skip165
\sidebarwidth=\skip166
\footmarkwidth=\skip167
\footmarksep=\skip168
\footparindent=\skip169
\footinsdim=\skip170
\footinsv@r=\insert250
\@mpfootinsv@r=\insert249
\m@m@k=\count283
\m@m@h=\dimen178
\m@mipn@skip=\skip171
\sidefootins=\insert248
\sidefootadjust=\skip172
\sidefootheight=\skip173
\sidefoothsep=\skip174
\sidefootvsep=\skip175
\sidefootwidth=\skip176
\m@mdownsf=\skip177
\c@sidefootnote=\count284
\sidefootmarkwidth=\skip178
\sidefootmarksep=\skip179
\sidefootparindent=\skip180
\c@pagenote=\count285
\c@pagenoteshadow=\count286
\mem@pn@lastkern=\skip181
\every@verbatim=\toks21
\afterevery@verbatim=\toks22
\verbatim@line=\toks23
\tab@position=\count287
\verbatim@in@stream=\read2
\verbatimindent=\skip182
\verbatim@out=\write3
\bvboxsep=\skip183
\c@memfbvline=\count288
\c@bvlinectr=\count289
\bvnumlength=\skip184
\fb@frw=\dimen179
\fb@frh=\dimen180
\FrameRule=\dimen181
\FrameSep=\dimen182


LaTeX hooks Warning: Generic hook 'package/before/framed' is deprecated.
(hooks)              Use hook 'package/framed/before' instead.

\c@cp@cntr=\count290
\c@ism@mctr=\count291
\c@xsm@mctr=\count292
\c@csm@mctr=\count293
\c@ksm@mctr=\count294
\c@xksm@mctr=\count295
\c@cksm@mctr=\count296
\c@msm@mctr=\count297
\c@xmsm@mctr=\count298
\c@cmsm@mctr=\count299
\c@bsm@mctr=\count300
\c@workm@mctr=\count301
\c@sheetsequence=\count302
\c@lastsheet=\count303
\c@lastpage=\count304
(/usr/share/texlive/texmf-dist/tex/latex/textcase/textcase.sty
Package: textcase 2019/09/14 v1.00 Text only upper/lower case changing (DPC)
)
\c@figure=\count305
\c@lofdepth=\count306
\cftbeforefigureskip=\skip185
\cftfigureindent=\skip186
\cftfigurenumwidth=\skip187
\c@table=\count307
\c@lotdepth=\count308
\cftbeforetableskip=\skip188
\cfttableindent=\skip189
\cfttablenumwidth=\skip190
Package abstract [2008/07/23] emulated by memoir.
Package appendix [2008/07/23] emulated by memoir.
Package booktabs [2016/05/16] emulated by memoir.
Package ccaption [2008/07/23] emulated by memoir.
Package changepage [2008/07/23] emulated by memoir.
Package chngcntr [2008/07/23] emulated by memoir.
Package chngpage [2008/07/23] emulated by memoir.
Package crop emulated by memoir.
Package enumerate [2008/07/23] emulated by memoir.
Package epigraph [2008/07/23] emulated by memoir.
Package ifmtarg [2008/07/23] emulated by memoir.
Package index [2008/07/23] emulated by memoir.
Package makeidx [2008/07/23] emulated by memoir.
Package moreverb [2008/07/23] emulated by memoir.
Package needspace [2008/07/23] emulated by memoir.
Package newfile [2008/07/23] emulated by memoir.
Package nextpage [2008/07/23] emulated by memoir.
Package pagenote [2008/07/23] emulated by memoir.
Package parskip [2008/07/23] emulated by memoir.
Package patchcmd [2008/07/23] emulated by memoir.
Package setspace [2008/07/23] emulated by memoir.
Package shortvrb [2008/07/23] emulated by memoir.
Package showidx [2008/07/23] emulated by memoir.
Package titleref [2008/07/23] emulated by memoir.
Package titling [2008/07/23] emulated by memoir.
Package tocbibind [2008/07/23] emulated by memoir.
Package tocloft [2008/07/23] emulated by memoir.
Package tocvsec2 [2008/07/23] emulated by memoir.
Package verbatim [2008/07/23] emulated by memoir.
Package verse [2008/07/23] emulated by memoir.


LaTeX hooks Warning: Generic hook 'package/before/float' is deprecated.
(hooks)              Use hook 'package/float/before' instead.

) (/usr/share/texlive/texmf-dist/tex/latex/hyperref/hyperref.sty
Package: hyperref 2021-06-07 v7.00m Hypertext links for LaTeX
 (/usr/share/texlive/texmf-dist/tex/generic/ltxcmds/ltxcmds.sty
Package: ltxcmds 2020-05-10 v1.25 LaTeX kernel commands for general use (HO)
) (/usr/share/texlive/texmf-dist/tex/generic/pdftexcmds/pdftexcmds.sty
Package: pdftexcmds 2020-06-27 v0.33 Utility functions of pdfTeX for LuaTeX (HO)
 (/usr/share/texlive/texmf-dist/tex/generic/infwarerr/infwarerr.sty
Package: infwarerr 2019/12/03 v1.5 Providing info/warning/error messages (HO)
)
Package pdftexcmds Info: \pdf@primitive is available.
Package pdftexcmds Info: \pdf@ifprimitive is available.
Package pdftexcmds Info: \pdfdraftmode found.
) (/usr/share/texlive/texmf-dist/tex/latex/graphics/keyval.sty
Package: keyval 2014/10/28 v1.15 key=value parser (DPC)
\KV@toks@=\toks24
) (/usr/share/texlive/texmf-dist/tex/generic/kvsetkeys/kvsetkeys.sty
Package: kvsetkeys 2019/12/15 v1.18 Key value parser (HO)
) (/usr/share/texlive/texmf-dist/tex/generic/kvdefinekeys/kvdefinekeys.sty
Package: kvdefinekeys 2019-12-19 v1.6 Define keys (HO)
) (/usr/share/texlive/texmf-dist/tex/generic/pdfescape/pdfescape.sty
Package: pdfescape 2019/12/09 v1.15 Implements pdfTeX's escape features (HO)
) (/usr/share/texlive/texmf-dist/tex/latex/hycolor/hycolor.sty
Package: hycolor 2020-01-27 v1.10 Color options for hyperref/bookmark (HO)
) (/usr/share/texlive/texmf-dist/tex/latex/letltxmacro/letltxmacro.sty
Package: letltxmacro 2019/12/03 v1.6 Let assignment for LaTeX macros (HO)
) (/usr/share/texlive/texmf-dist/tex/latex/auxhook/auxhook.sty
Package: auxhook 2019-12-17 v1.6 Hooks for auxiliary files (HO)
) (/usr/share/texlive/texmf-dist/tex/latex/kvoptions/kvoptions.sty
Package: kvoptions 2020-10-07 v3.14 Key value format for package options (HO)
)
\@linkdim=\dimen183
\Hy@linkcounter=\count309
\Hy@pagecounter=\count310
 (/usr/share/texlive/texmf-dist/tex/latex/hyperref/pd1enc.def
File: pd1enc.def 2021-06-07 v7.00m Hyperref: PDFDocEncoding definition (HO)
Now handling font encoding PD1 ...
... no UTF-8 mapping file for font encoding PD1
) (/usr/share/texlive/texmf-dist/tex/latex/hyperref/hyperref-langpatches.def
File: hyperref-langpatches.def 2021-06-07 v7.00m Hyperref: patches for babel languages
) (/usr/share/texlive/texmf-dist/tex/generic/intcalc/intcalc.sty
Package: intcalc 2019/12/15 v1.3 Expandable calculations with integers (HO)
) (/usr/share/texlive/texmf-dist/tex/generic/etexcmds/etexcmds.sty
Package: etexcmds 2019/12/15 v1.7 Avoid name clashes with e-TeX commands (HO)
)
\Hy@SavedSpaceFactor=\count311
 (/usr/share/texlive/texmf-dist/tex/latex/hyperref/puenc.def
File: puenc.def 2021-06-07 v7.00m Hyperref: PDF Unicode definition (HO)
Now handling font encoding PU ...
... no UTF-8 mapping file for font encoding PU
)
Package hyperref Info: Hyper figures OFF on input line 4192.
Package hyperref Info: Link nesting OFF on input line 4197.
Package hyperref Info: Hyper index ON on input line 4200.
Package hyperref Info: Plain pages OFF on input line 4207.
Package hyperref Info: Backreferencing OFF on input line 4212.
Package hyperref Info: Implicit mode ON; LaTeX internals redefined.
Package hyperref Info: Bookmarks ON on input line 4445.
\c@Hy@tempcnt=\count312
 (/usr/share/texlive/texmf-dist/tex/latex/url/url.sty
\Urlmuskip=\muskip16
Package: url 2013/09/16  ver 3.4  Verb mode for urls, etc.
)
LaTeX Info: Redefining \url on input line 4804.
\XeTeXLinkMargin=\dimen184
 (/usr/share/texlive/texmf-dist/tex/generic/bitset/bitset.sty
Package: bitset 2019/12/09 v1.3 Handle bit-vector datatype (HO)
 (/usr/share/texlive/texmf-dist/tex/generic/bigintcalc/bigintcalc.sty
Package: bigintcalc 2019/12/15 v1.5 Expandable calculations on big integers (HO)
))
\Fld@menulength=\count313
\Field@Width=\dimen185
\Fld@charsize=\dimen186
Package hyperref Info: Hyper figures OFF on input line 6076.
Package hyperref Info: Link nesting OFF on input line 6081.
Package hyperref Info: Hyper index ON on input line 6084.
Package hyperref Info: backreferencing OFF on input line 6091.
Package hyperref Info: Link coloring OFF on input line 6096.
Package hyperref Info: Link coloring with OCG OFF on input line 6101.
Package hyperref Info: PDF/A mode OFF on input line 6106.
LaTeX Info: Redefining \ref on input line 6146.
LaTeX Info: Redefining \pageref on input line 6150.
 (/usr/share/texlive/texmf-dist/tex/latex/base/atbegshi-ltx.sty
Package: atbegshi-ltx 2021/01/10 v1.0c Emulation of the original atbegshi
package with kernel methods
)
\Hy@abspage=\count314
\c@Item=\count315
\c@Hfootnote=\count316
) (/usr/share/texlive/texmf-dist/tex/latex/memoir/memhfixc.sty
Package: memhfixc 2021/06/16 v1.19 nameref/hyperref package fixes for memoir class


LaTeX hooks Warning: Generic hook 'package/after/nameref' is deprecated.
(hooks)              Use hook 'package/nameref/after' instead.

\c@memhycontfloat=\count317
\c@Hpagenote=\count318

LaTeX hooks Warning: Generic hook 'package/after/hypcap' is deprecated.
(hooks)              Use hook 'package/hypcap/after' instead.

)
Package hyperref Info: Driver (autodetected): hpdftex.
 (/usr/share/texlive/texmf-dist/tex/latex/hyperref/hpdftex.def
File: hpdftex.def 2021-06-07 v7.00m Hyperref driver for pdfTeX
 (/usr/share/texlive/texmf-dist/tex/latex/base/atveryend-ltx.sty
Package: atveryend-ltx 2020/08/19 v1.0a Emulation of the original atveryend package
with kernel methods
)
\Fld@listcount=\count319
\c@bookmark@seq@number=\count320
 (/usr/share/texlive/texmf-dist/tex/latex/rerunfilecheck/rerunfilecheck.sty
Package: rerunfilecheck 2019/12/05 v1.9 Rerun checks for auxiliary files (HO)
 (/usr/share/texlive/texmf-dist/tex/generic/uniquecounter/uniquecounter.sty
Package: uniquecounter 2019/12/15 v1.4 Provide unlimited unique counter (HO)
)
Package uniquecounter Info: New unique counter `rerunfilecheck' on input line 286.
)
\Hy@SectionHShift=\skip191
) (/usr/share/texlive/texmf-dist/tex/latex/bookmark/bookmark.sty
Package: bookmark 2020-11-06 v1.29 PDF bookmarks (HO)
 (/usr/share/texlive/texmf-dist/tex/latex/bookmark/bkm-pdftex.def
File: bkm-pdftex.def 2020-11-06 v1.29 bookmark driver for pdfTeX (HO)
\BKM@id=\count321
)) (/usr/share/texlive/texmf-dist/tex/generic/babel/babel.sty
Package: babel 2022/01/26 3.70 The Babel package
\babel@savecnt=\count322
\U@D=\dimen187
\l@unhyphenated=\language3
 (/usr/share/texlive/texmf-dist/tex/generic/babel/txtbabel.def)
\bbl@readstream=\read3
\bbl@dirlevel=\count323
 (/usr/share/texlive/texmf-dist/tex/generic/babel-english/english.ldf
Language: english 2017/06/06 v3.3r English support from the babel system
Package babel Info: Hyphen rules for 'british' set to \l@english
(babel)             (\language0). Reported on input line 82.
Package babel Info: Hyphen rules for 'UKenglish' set to \l@english
(babel)             (\language0). Reported on input line 83.
Package babel Info: Hyphen rules for 'canadian' set to \l@english
(babel)             (\language0). Reported on input line 102.
Package babel Info: Hyphen rules for 'australian' set to \l@english
(babel)             (\language0). Reported on input line 105.
Package babel Info: Hyphen rules for 'newzealand' set to \l@english
(babel)             (\language0). Reported on input line 108.
) (/usr/share/texlive/texmf-dist/tex/generic/babel-french/french.ldf
Language: french 2021/07/20 v3.5m French support from the babel system
Package babel Info: Hyphen rules for 'french' set to \l@nohyphenation
(babel)             (\language2). Reported on input line 87.


Package babel Warning: No hyphenation patterns were preloaded for
(babel)                the language 'French' into the format.
(babel)                Please, configure your TeX system to add them and
(babel)                rebuild the format. Now I will use the patterns
(babel)                preloaded for \language=nohyphenation instead on input line 87.

Package babel Info: Hyphen rules for 'acadian' set to \l@nohyphenation
(babel)             (\language2). Reported on input line 91.
Package babel Info: Hyphen rules for 'canadien' set to \l@nohyphenation
(babel)             (\language2). Reported on input line 92.
\FB@nonchar=\count324
Package babel Info: Making : an active character on input line 430.
Package babel Info: Making ; an active character on input line 431.
Package babel Info: Making ! an active character on input line 432.
Package babel Info: Making ? an active character on input line 433.
\FBguill@level=\count325
\FBold@everypar=\toks25
\FB@Mht=\dimen188
\mc@charclass=\count326
\mc@charfam=\count327
\mc@charslot=\count328
\std@mcc=\count329
\dec@mcc=\count330
\listindentFB=\dimen189
\descindentFB=\dimen190
\labelindentFB=\dimen191
\labelwidthFB=\dimen192
\leftmarginFB=\dimen193
\parindentFFN=\dimen194
\FBfnindent=\dimen195
) (/usr/share/texlive/texmf-dist/tex/generic/babel-spanish/spanish.ldf
Language: spanish.ldf 2021/05/27 v5.0q Spanish support from the babel system


Package babel Warning: No hyphenation patterns were preloaded for
(babel)                the language 'Spanish' into the format.
(babel)                Please, configure your TeX system to add them and
(babel)                rebuild the format. Now I will use the patterns
(babel)                preloaded for \language=nohyphenation instead on input line 51.

Package babel Info: Hyphen rules for 'spanish' set to \l@english
(babel)             (\language0). Reported on input line 52.
\es@quottoks=\toks26
\es@quotdepth=\count331
Package babel Info: Making " an active character on input line 570.
Package babel Info: Making . an active character on input line 675.
Package babel Info: Making < an active character on input line 722.
Package babel Info: Making > an active character on input line 722.
) (/usr/share/texlive/texmf-dist/tex/generic/babel-portuges/brazil.ldf
Language: portuges 2021/07/09 v1.2t Portuguese support from the babel system


Package babel Warning: No hyphenation patterns were preloaded for
(babel)                the language 'Portuguese' into the format.
(babel)                Please, configure your TeX system to add them and
(babel)                rebuild the format. Now I will use the patterns
(babel)                preloaded for \language=nohyphenation instead on input line 53.

Package babel Info: Hyphen rules for 'portuges' set to \l@english
(babel)             (\language0). Reported on input line 54.
Package babel Info: Hyphen rules for 'brazil' set to \l@english
(babel)             (\language0). Reported on input line 111.
)) (/usr/share/texlive/texmf-dist/tex/latex/carlisle/scalefnt.sty) (/usr/share/texlive/texmf-dist/tex/latex/enumitem/enumitem.sty
Package: enumitem 2019/06/20 v3.9 Customized lists
\labelindent=\skip192
\enit@outerparindent=\dimen196
\enit@toks=\toks27
\enit@inbox=\box55
\enit@count@id=\count332
\enitdp@description=\count333
) (/usr/share/texlive/texmf-dist/tex/latex/tools/calc.sty
Package: calc 2017/05/25 v4.3 Infix arithmetic (KKT,FJ)
\calc@Acount=\count334
\calc@Bcount=\count335
\calc@Adimen=\dimen197
\calc@Bdimen=\dimen198
\calc@Askip=\skip193
\calc@Bskip=\skip194
LaTeX Info: Redefining \setlength on input line 80.
LaTeX Info: Redefining \addtolength on input line 81.
\calc@Ccount=\count336
\calc@Cskip=\skip195
)

******************************************************
Stock height and width: 845.04684pt by 597.50787pt
Top and edge trims: 0pt and 0pt
Page height and width: 845.04684pt by 597.50787pt
Text height and width: 708pt by 455pt
Spine and edge margins: 85.35826pt and 56.9055pt
Upper and lower margins: 85.35826pt and 51.68858pt
Headheight and headsep: 14.5pt and 19.8738pt
Footskip: 30pt
Columnsep and columnseprule: 10pt and 0pt
Marginparsep and marginparwidth: 7pt and 42.9055pt
Sidecapsep and sidecapwidth: 7pt and 92pt
Sidebarhsep and sidebarwidth: 7pt and 92pt
Sidebarvsep and sidebartopsep: 14.5pt and 0pt
Sidebarheight: 590.14995pt
Sidefoothsep and sidefootwidth: 7pt and 92pt
Sidefootvsep and sidefootheight: 14.5pt and 590.14995pt
******************************************************

\c@abntex@bookmarkcounter=\count337

LaTeX hooks Warning: Generic hook 'package/after/caption' is deprecated.
(hooks)              Use hook 'package/caption/after' instead.

\cftlastnumwidth=\skip196
\chapternamenumlength=\skip197
\ABNTEXcitacaorecuo=\skip198
\c@alineasi=\count338
\c@alineasii=\count339
\enitdp@alineas=\count340
\c@subalineasi=\count341
\enitdp@subalineas=\count342
\c@incisosi=\count343
\enitdp@incisos=\count344
\ABNTEXsignwidth=\skip199
\ABNTEXsignthickness=\skip256
\ABNTEXsignskip=\skip257
) (/usr/share/texlive/texmf-dist/tex/latex/cmap/cmap.sty
Package: cmap 2021/02/06 v1.0j CMap support: searchable PDF
) (/usr/share/texmf/tex/latex/lm/lmodern.sty
Package: lmodern 2009/10/30 v1.6 Latin Modern Fonts
LaTeX Font Info:    Overwriting symbol font `operators' in version `normal'
(Font)                  OT1/cmr/m/n --> OT1/lmr/m/n on input line 22.
LaTeX Font Info:    Overwriting symbol font `letters' in version `normal'
(Font)                  OML/cmm/m/it --> OML/lmm/m/it on input line 23.
LaTeX Font Info:    Overwriting symbol font `symbols' in version `normal'
(Font)                  OMS/cmsy/m/n --> OMS/lmsy/m/n on input line 24.
LaTeX Font Info:    Overwriting symbol font `largesymbols' in version `normal'
(Font)                  OMX/cmex/m/n --> OMX/lmex/m/n on input line 25.
LaTeX Font Info:    Overwriting symbol font `operators' in version `bold'
(Font)                  OT1/cmr/bx/n --> OT1/lmr/bx/n on input line 26.
LaTeX Font Info:    Overwriting symbol font `letters' in version `bold'
(Font)                  OML/cmm/b/it --> OML/lmm/b/it on input line 27.
LaTeX Font Info:    Overwriting symbol font `symbols' in version `bold'
(Font)                  OMS/cmsy/b/n --> OMS/lmsy/b/n on input line 28.
LaTeX Font Info:    Overwriting symbol font `largesymbols' in version `bold'
(Font)                  OMX/cmex/m/n --> OMX/lmex/m/n on input line 29.
LaTeX Font Info:    Overwriting math alphabet `\mathbf' in version `normal'
(Font)                  OT1/cmr/bx/n --> OT1/lmr/bx/n on input line 31.
LaTeX Font Info:    Overwriting math alphabet `\mathsf' in version `normal'
(Font)                  OT1/cmss/m/n --> OT1/lmss/m/n on input line 32.
LaTeX Font Info:    Overwriting math alphabet `\mathit' in version `normal'
(Font)                  OT1/cmr/m/it --> OT1/lmr/m/it on input line 33.
LaTeX Font Info:    Overwriting math alphabet `\mathtt' in version `normal'
(Font)                  OT1/cmtt/m/n --> OT1/lmtt/m/n on input line 34.
LaTeX Font Info:    Overwriting math alphabet `\mathbf' in version `bold'
(Font)                  OT1/cmr/bx/n --> OT1/lmr/bx/n on input line 35.
LaTeX Font Info:    Overwriting math alphabet `\mathsf' in version `bold'
(Font)                  OT1/cmss/bx/n --> OT1/lmss/bx/n on input line 36.
LaTeX Font Info:    Overwriting math alphabet `\mathit' in version `bold'
(Font)                  OT1/cmr/bx/it --> OT1/lmr/bx/it on input line 37.
LaTeX Font Info:    Overwriting math alphabet `\mathtt' in version `bold'
(Font)                  OT1/cmtt/m/n --> OT1/lmtt/m/n on input line 38.
) (/usr/share/texlive/texmf-dist/tex/latex/base/fontenc.sty
Package: fontenc 2021/04/29 v2.0v Standard LaTeX package
LaTeX Font Info:    Trying to load font information for T1+lmr on input line 112.
 (/usr/share/texmf/tex/latex/lm/t1lmr.fd
File: t1lmr.fd 2009/10/30 v1.6 Font defs for Latin Modern
)<<t1.cmap>>) (/usr/share/texlive/texmf-dist/tex/latex/base/inputenc.sty
Package: inputenc 2021/02/14 v1.3d Input encoding file
\inpenc@prehook=\toks28
\inpenc@posthook=\toks29
) (/usr/share/texlive/texmf-dist/tex/latex/lastpage/lastpage.sty
Package: lastpage 2021/09/03 v1.2n Refers to last page's name (HMM; JPG)
) (/usr/share/texlive/texmf-dist/tex/latex/tools/indentfirst.sty
Package: indentfirst 1995/11/23 v1.03 Indent first paragraph (DPC)
) (/usr/share/texlive/texmf-dist/tex/latex/graphics/color.sty
Package: color 2021/12/07 v1.3c Standard LaTeX Color (DPC)
 (/usr/share/texlive/texmf-dist/tex/latex/graphics-cfg/color.cfg
File: color.cfg 2016/01/02 v1.6 sample color configuration
)
Package color Info: Driver file: pdftex.def on input line 149.
 (/usr/share/texlive/texmf-dist/tex/latex/graphics-def/pdftex.def
File: pdftex.def 2020/10/05 v1.2a Graphics/color driver for pdftex
)) (/usr/share/texlive/texmf-dist/tex/latex/graphics/graphicx.sty
Package: graphicx 2021/09/16 v1.2d Enhanced LaTeX Graphics (DPC,SPQR)
 (/usr/share/texlive/texmf-dist/tex/latex/graphics/graphics.sty
Package: graphics 2021/03/04 v1.4d Standard LaTeX Graphics (DPC,SPQR)
 (/usr/share/texlive/texmf-dist/tex/latex/graphics/trig.sty
Package: trig 2021/08/11 v1.11 sin cos tan (DPC)
) (/usr/share/texlive/texmf-dist/tex/latex/graphics-cfg/graphics.cfg
File: graphics.cfg 2016/06/04 v1.11 sample graphics configuration
)
Package graphics Info: Driver file: pdftex.def on input line 107.
)
\Gin@req@height=\dimen199
\Gin@req@width=\dimen256
) (/usr/share/texlive/texmf-dist/tex/latex/units/units.sty
Package: units 1998/08/04 v0.9b Typesetting units
 (/usr/share/texlive/texmf-dist/tex/latex/units/nicefrac.sty
Package: nicefrac 1998/08/04 v0.9b Nice fractions
\L@UnitsRaiseDisplaystyle=\skip258
\L@UnitsRaiseTextstyle=\skip259
\L@UnitsRaiseScriptstyle=\skip260
)) (/usr/share/texlive/texmf-dist/tex/latex/hyperref/backref.sty
Package: backref 2021/02/04 v1.41 Bibliographical back referencing
) (/usr/share/texlive/texmf-dist/tex/latex/abntex2/abntex2cite.sty
Package: abntex2cite 2018/11/24 v-1.9.7 abnTeX2
 (/usr/share/texlive/texmf-dist/tex/latex/abntex2/abntex2abrev.sty)
\minimumbiblabelwidth=\skip261
\ABCIauxlen=\skip262
\c@ABCIaux=\count345
\c@ABCImax=\count346
 (/usr/share/texlive/texmf-dist/tex/generic/iftex/ifpdf.sty
Package: ifpdf 2019/10/25 v3.4 ifpdf legacy package. Use iftex instead.
) (/usr/share/texlive/texmf-dist/tex/generic/iftex/ifxetex.sty
Package: ifxetex 2019/10/25 v0.7 ifxetex legacy package. Use iftex instead.
) (/usr/share/texlive/texmf-dist/tex/latex/relsize/relsize.sty
Package: relsize 2013/03/29 ver 4.1
)
\biblabelsep=\skip263
LaTeX Info: Redefining \newblock on input line 591.
LaTeX Info: Redefining \cite on input line 618.
\ABCItoken=\toks30
) (/usr/share/texlive/texmf-dist/tex/latex/bold-extra/bold-extra.sty
Package: bold-extra 2001/11/13 v0.1 Use fonts from cm/mf-extra/bold
)) (/usr/share/texlive/texmf-dist/tex/latex/eso-pic/eso-pic.sty
Package: eso-pic 2020/10/14 v3.0a eso-pic (RN)
\ESO@tempdima=\dimen257
\ESO@tempdimb=\dimen258
) (./fixos/comandos.tex) (./fixos/customizacoes.sty) (./editaveis/informacoes.tex) (./fixos/informacoes.tex) (./fixos/setup.tex
Package color Info: Redefining color blue on input line 1.
Package hyperref Info: Option `colorlinks' set `true' on input line 16.
)
\tcc@idxfile=\write4
\openout4 = `tcc.idx'.


Writing index file tcc.idx 
(/usr/share/texlive/texmf-dist/tex/latex/l3backend/l3backend-pdftex.def
File: l3backend-pdftex.def 2022-01-12 L3 backend support: PDF output (pdfTeX)
\l__color_backend_stack_int=\count347
\l__pdf_internal_box=\box56
) (./tcc.aux)
\openout1 = `tcc.aux'.

LaTeX Font Info:    Checking defaults for OML/cmm/m/it on input line 12.
LaTeX Font Info:    ... okay on input line 12.
LaTeX Font Info:    Checking defaults for OMS/cmsy/m/n on input line 12.
LaTeX Font Info:    ... okay on input line 12.
LaTeX Font Info:    Checking defaults for OT1/cmr/m/n on input line 12.
LaTeX Font Info:    ... okay on input line 12.
LaTeX Font Info:    Checking defaults for T1/cmr/m/n on input line 12.
LaTeX Font Info:    ... okay on input line 12.
LaTeX Font Info:    Checking defaults for TS1/cmr/m/n on input line 12.
LaTeX Font Info:    ... okay on input line 12.
LaTeX Font Info:    Checking defaults for OMX/cmex/m/n on input line 12.
LaTeX Font Info:    ... okay on input line 12.
LaTeX Font Info:    Checking defaults for U/cmr/m/n on input line 12.
LaTeX Font Info:    ... okay on input line 12.
LaTeX Font Info:    Checking defaults for PD1/pdf/m/n on input line 12.
LaTeX Font Info:    ... okay on input line 12.
LaTeX Font Info:    Checking defaults for PU/pdf/m/n on input line 12.
LaTeX Font Info:    ... okay on input line 12.
Package hyperref Info: Link coloring ON on input line 12.
 (/usr/share/texlive/texmf-dist/tex/latex/hyperref/nameref.sty
Package: nameref 2021-04-02 v2.47 Cross-referencing by name of section
 (/usr/share/texlive/texmf-dist/tex/latex/refcount/refcount.sty
Package: refcount 2019/12/15 v3.6 Data extraction from label references (HO)
) (/usr/share/texlive/texmf-dist/tex/generic/gettitlestring/gettitlestring.sty
Package: gettitlestring 2019/12/15 v1.6 Cleanup title references (HO)
)
\c@section@level=\count348
)
Redoing nameref's sectioning
Redoing nameref's label
LaTeX Info: Redefining \nameref on input line 12.
LaTeX Info: Redefining \ref on input line 12.
LaTeX Info: Redefining \pageref on input line 12.
LaTeX Info: Redefining \nameref on input line 12.
LaTeX Info: Redefining \degres on input line 12.
LaTeX Info: Redefining \up on input line 12.
\myptabbox=\box57
\myptabboxwidth=\skip264
Package lastpage Info: Please have a look at the pageslts package at
(lastpage)             https://www.ctan.org/pkg/pageslts
(lastpage)             ! on input line 12.
(/usr/share/texlive/texmf-dist/tex/context/base/mkii/supp-pdf.mkii
[Loading MPS to PDF converter (version 2006.09.02).]
\scratchcounter=\count349
\scratchdimen=\dimen259
\scratchbox=\box58
\nofMPsegments=\count350
\nofMParguments=\count351
\everyMPshowfont=\toks31
\MPscratchCnt=\count352
\MPscratchDim=\dimen260
\MPnumerator=\count353
\makeMPintoPDFobject=\count354
\everyMPtoPDFconversion=\toks32
) (/usr/share/texlive/texmf-dist/tex/latex/epstopdf-pkg/epstopdf-base.sty
Package: epstopdf-base 2020-01-24 v2.11 Base part for package epstopdf
Package epstopdf-base Info: Redefining graphics rule for `.eps' on input line 485.
 (/usr/share/texlive/texmf-dist/tex/latex/latexconfig/epstopdf-sys.cfg
File: epstopdf-sys.cfg 2010/07/13 v1.3 Configuration of (r)epstopdf for TeX Live
))
LaTeX Font Info:    Trying to load font information for T1+lmss on input line 15.
 (/usr/share/texmf/tex/latex/lm/t1lmss.fd
File: t1lmss.fd 2009/10/30 v1.6 Font defs for Latin Modern
)
Package epstopdf Info: Source file: <figuras/capa.eps>
(epstopdf)                    date: 2024-04-12 13:20:54
(epstopdf)                    size: 12409969 bytes
(epstopdf)             Output file: <figuras/capa-eps-converted-to.pdf>
(epstopdf)                    date: 2024-04-12 14:37:37
(epstopdf)                    size: 1515774 bytes
(epstopdf)             Command: <repstopdf --outfile=figuras/capa-eps-converted-to.pdf figuras/capa.eps>
(epstopdf)             \includegraphics on input line 15.
Package epstopdf Info: Output file is already uptodate.
<figuras/capa-eps-converted-to.pdf, id=5, 10037.5pt x 14194.02875pt>
File: figuras/capa-eps-converted-to.pdf Graphic file (type pdf)
<use figuras/capa-eps-converted-to.pdf>
Package pdftex.def Info: figuras/capa-eps-converted-to.pdf  used on input line 15.
(pdftex.def)             Requested size: 597.47607pt x 844.89091pt.
 [1

{/var/lib/texmf/fonts/map/pdftex/updmap/pdftex.map} <./figuras/capa-eps-converted-to.pdf>] [2

]
LaTeX Font Info:    Trying to load font information for OT1+lmr on input line 17.
 (/usr/share/texmf/tex/latex/lm/ot1lmr.fd
File: ot1lmr.fd 2009/10/30 v1.6 Font defs for Latin Modern
)<<ot1.cmap>>
LaTeX Font Info:    Trying to load font information for OML+lmm on input line 17.
 (/usr/share/texmf/tex/latex/lm/omllmm.fd
File: omllmm.fd 2009/10/30 v1.6 Font defs for Latin Modern
)<<oml.cmap>>
LaTeX Font Info:    Trying to load font information for OMS+lmsy on input line 17.
 (/usr/share/texmf/tex/latex/lm/omslmsy.fd
File: omslmsy.fd 2009/10/30 v1.6 Font defs for Latin Modern
)<<oms.cmap>>
LaTeX Font Info:    Trying to load font information for OMX+lmex on input line 17.
 (/usr/share/texmf/tex/latex/lm/omxlmex.fd
File: omxlmex.fd 2009/10/30 v1.6 Font defs for Latin Modern
)
LaTeX Font Info:    External font `lmex10' loaded for size
(Font)              <12> on input line 17.
<<omx.cmap>>
LaTeX Font Info:    External font `lmex10' loaded for size
(Font)              <8> on input line 17.
LaTeX Font Info:    External font `lmex10' loaded for size
(Font)              <6> on input line 17.
pdfTeX warning (ext4): destination with the same identifier (name{page.1}) has been already used, duplicate ignored
<to be read again> 
                   \relax 
l.17 
      [1


] (./fixos/fichaCatalografica.tex
Underfull \hbox (badness 10000) in paragraph at lines 12--13

 []


Underfull \hbox (badness 10000) in paragraph at lines 14--15

 []


Overfull \hbox (16.44858pt too wide) in paragraph at lines 16--19
[]  [] 
 []


Underfull \hbox (badness 10000) in paragraph at lines 16--19

 []


Underfull \hbox (badness 10000) in paragraph at lines 20--27

 []


Underfull \hbox (badness 10000) in paragraph at lines 28--29

 []

LaTeX Font Info:    External font `lmex10' loaded for size
(Font)              <10> on input line 30.
LaTeX Font Info:    External font `lmex10' loaded for size
(Font)              <7> on input line 30.
LaTeX Font Info:    External font `lmex10' loaded for size
(Font)              <5> on input line 30.
) (./fixos/folhaDeAprovacao.texpdfTeX warning (ext4): destination with the same identifier (name{page.2}) has been already used, duplicate ignored
<to be read again> 
                   \relax 
l.2 
     [2] [3

] [4

]) (./editaveis/dedicatoria.tex [5] [6

]) (./editaveis/agradecimentos.tex [7

] [8

]) (./editaveis/epigrafe.tex [9] [10

]) (./editaveis/resumo.tex [11] [12

]) (./editaveis/abstract.tex [13] [14

]) (./fixos/listasAutomaticas.tex (./tcc.lof [15]) [16] (./tcc.lot) [17

] [18

]) (./editaveis/abreviaturas.tex [19

] [20]) (./editaveis/simbolos.tex [21


] [22

]) (./fixos/indiceAutomatico.tex (./tcc.toc
LaTeX Font Info:    Font shape `T1/lmss/m/it' in size <12> not available
(Font)              Font shape `T1/lmss/m/sl' tried instead on input line 23.
 [23]) [24]) (./editaveis/introducao.tex [25


]
Overfull \hbox (20.38107pt too wide) in paragraph at lines 47--48
[]\T1/lmr/m/n/12 [ESSA PARTE DEVE SER REE-SCRITA APÓS A ADAP-TAÇÃO DOS REQUISITOS
 []

[26]) (./editaveis/fundamentacao.tex [27] [28

]
Overfull \hbox (5.8115pt too wide) in paragraph at lines 8--9
 \T1/lmr/m/n/10 duzindo ou-tros sinais ou al-gum com-por-ta-mento de-se-jado."([][]OPPENHEIM;
 []

Package epstopdf Info: Source file: <figuras/fig01.eps>
(epstopdf)                    date: 2024-04-12 13:20:54
(epstopdf)                    size: 274267 bytes
(epstopdf)             Output file: <figuras/fig01-eps-converted-to.pdf>
(epstopdf)                    date: 2024-04-12 14:37:37
(epstopdf)                    size: 11584 bytes
(epstopdf)             Command: <repstopdf --outfile=figuras/fig01-eps-converted-to.pdf figuras/fig01.eps>
(epstopdf)             \includegraphics on input line 22.
Package epstopdf Info: Output file is already uptodate.
<figuras/fig01-eps-converted-to.pdf, id=509, 568.1225pt x 234.8775pt>
File: figuras/fig01-eps-converted-to.pdf Graphic file (type pdf)
<use figuras/fig01-eps-converted-to.pdf>
Package pdftex.def Info: figuras/fig01-eps-converted-to.pdf  used on input line 22.
(pdftex.def)             Requested size: 284.06055pt x 117.43846pt.

LaTeX Warning: `h' float specifier changed to `ht'.

[29]
Package epstopdf Info: Source file: <figuras/fig02.eps>
(epstopdf)                    date: 2024-04-12 13:20:54
(epstopdf)                    size: 310305 bytes
(epstopdf)             Output file: <figuras/fig02-eps-converted-to.pdf>
(epstopdf)                    date: 2024-04-12 14:37:38
(epstopdf)                    size: 18574 bytes
(epstopdf)             Command: <repstopdf --outfile=figuras/fig02-eps-converted-to.pdf figuras/fig02.eps>
(epstopdf)             \includegraphics on input line 35.
Package epstopdf Info: Output file is already uptodate.
<figuras/fig02-eps-converted-to.pdf, id=524, 571.13374pt x 264.99pt>
File: figuras/fig02-eps-converted-to.pdf Graphic file (type pdf)
<use figuras/fig02-eps-converted-to.pdf>
Package pdftex.def Info: figuras/fig02-eps-converted-to.pdf  used on input line 35.
(pdftex.def)             Requested size: 285.56618pt x 132.49467pt.
 [30 <./figuras/fig01-eps-converted-to.pdf> <./figuras/fig02-eps-converted-to.pdf>]
Package epstopdf Info: Source file: <figuras/fig03.eps>
(epstopdf)                    date: 2024-04-12 13:20:56
(epstopdf)                    size: 205302 bytes
(epstopdf)             Output file: <figuras/fig03-eps-converted-to.pdf>
(epstopdf)                    date: 2024-04-12 14:37:38
(epstopdf)                    size: 17340 bytes
(epstopdf)             Command: <repstopdf --outfile=figuras/fig03-eps-converted-to.pdf figuras/fig03.eps>
(epstopdf)             \includegraphics on input line 64.
Package epstopdf Info: Output file is already uptodate.
<figuras/fig03-eps-converted-to.pdf, id=545, 555.07375pt x 178.6675pt>
File: figuras/fig03-eps-converted-to.pdf Graphic file (type pdf)
<use figuras/fig03-eps-converted-to.pdf>
Package pdftex.def Info: figuras/fig03-eps-converted-to.pdf  used on input line 64.
(pdftex.def)             Requested size: 277.53618pt x 89.33353pt.
 [31 <./figuras/fig03-eps-converted-to.pdf>]
LaTeX Font Info:    Font shape `T1/lmss/m/it' in size <14.4> not available
(Font)              Font shape `T1/lmss/m/sl' tried instead on input line 86.
Package epstopdf Info: Source file: <figuras/fig04.eps>
(epstopdf)                    date: 2024-04-12 13:20:56
(epstopdf)                    size: 683542 bytes
(epstopdf)             Output file: <figuras/fig04-eps-converted-to.pdf>
(epstopdf)                    date: 2024-04-12 14:37:38
(epstopdf)                    size: 21150 bytes
(epstopdf)             Command: <repstopdf --outfile=figuras/fig04-eps-converted-to.pdf figuras/fig04.eps>
(epstopdf)             \includegraphics on input line 95.
Package epstopdf Info: Output file is already uptodate.
<figuras/fig04-eps-converted-to.pdf, id=566, 760.8425pt x 442.65375pt>
File: figuras/fig04-eps-converted-to.pdf Graphic file (type pdf)
<use figuras/fig04-eps-converted-to.pdf>
Package pdftex.def Info: figuras/fig04-eps-converted-to.pdf  used on input line 95.
(pdftex.def)             Requested size: 304.3316pt x 177.05835pt.
 [32 <./figuras/fig04-eps-converted-to.pdf>] [33]
Underfull \vbox (badness 10000) has occurred while \output is active []

 [34]
<figuras/fig07.png, id=634, 547.04375pt x 252.945pt>
File: figuras/fig07.png Graphic file (type png)
<use figuras/fig07.png>
Package pdftex.def Info: figuras/fig07.png  used on input line 131.
(pdftex.def)             Requested size: 328.22878pt x 151.76816pt.
 [35 <./figuras/fig07.png>] [36]
Package epstopdf Info: Source file: <figuras/fig08.eps>
(epstopdf)                    date: 2024-04-12 13:20:56
(epstopdf)                    size: 2193422 bytes
(epstopdf)             Output file: <figuras/fig08-eps-converted-to.pdf>
(epstopdf)                    date: 2024-04-12 14:37:41
(epstopdf)                    size: 104984 bytes
(epstopdf)             Command: <repstopdf --outfile=figuras/fig08-eps-converted-to.pdf figuras/fig08.eps>
(epstopdf)             \includegraphics on input line 162.
Package epstopdf Info: Output file is already uptodate.
<figuras/fig08-eps-converted-to.pdf, id=668, 602.25pt x 602.25pt>
File: figuras/fig08-eps-converted-to.pdf Graphic file (type pdf)
<use figuras/fig08-eps-converted-to.pdf>
Package pdftex.def Info: figuras/fig08-eps-converted-to.pdf  used on input line 162.
(pdftex.def)             Requested size: 240.89572pt x 240.89572pt.


LaTeX Warning: `h' float specifier changed to `ht'.


Underfull \vbox (badness 10000) has occurred while \output is active []

 [37]
Package epstopdf Info: Source file: <figuras/fig10.eps>
(epstopdf)                    date: 2024-04-12 13:20:56
(epstopdf)                    size: 1273606 bytes
(epstopdf)             Output file: <figuras/fig10-eps-converted-to.pdf>
(epstopdf)                    date: 2024-04-12 14:37:41
(epstopdf)                    size: 67194 bytes
(epstopdf)             Command: <repstopdf --outfile=figuras/fig10-eps-converted-to.pdf figuras/fig10.eps>
(epstopdf)             \includegraphics on input line 173.
Package epstopdf Info: Output file is already uptodate.
<figuras/fig10-eps-converted-to.pdf, id=679, 642.4pt x 327.2225pt>
File: figuras/fig10-eps-converted-to.pdf Graphic file (type pdf)
<use figuras/fig10-eps-converted-to.pdf>
Package pdftex.def Info: figuras/fig10-eps-converted-to.pdf  used on input line 173.
(pdftex.def)             Requested size: 385.44298pt x 196.335pt.
 [38 <./figuras/fig08-eps-converted-to.pdf> <./figuras/fig10-eps-converted-to.pdf>]
<figuras/fig14.png, id=693, 1204.5pt x 764.8575pt>
File: figuras/fig14.png Graphic file (type png)
<use figuras/fig14.png>
Package pdftex.def Info: figuras/fig14.png  used on input line 182.
(pdftex.def)             Requested size: 301.12427pt x 191.2139pt.
Package epstopdf Info: Source file: <figuras/fig15.eps>
(epstopdf)                    date: 2024-06-01 21:19:08
(epstopdf)                    size: 2242162 bytes
(epstopdf)             Output file: <figuras/fig15-eps-converted-to.pdf>
(epstopdf)                    date: 2024-06-01 21:21:44
(epstopdf)                    size: 114108 bytes
(epstopdf)             Command: <repstopdf --outfile=figuras/fig15-eps-converted-to.pdf figuras/fig15.eps>
(epstopdf)             \includegraphics on input line 193.
Package epstopdf Info: Output file is already uptodate.
<figuras/fig15-eps-converted-to.pdf, id=699, 1003.75pt x 369.38pt>
File: figuras/fig15-eps-converted-to.pdf Graphic file (type pdf)
<use figuras/fig15-eps-converted-to.pdf>
Package pdftex.def Info: figuras/fig15-eps-converted-to.pdf  used on input line 193.
(pdftex.def)             Requested size: 301.12732pt x 110.81485pt.
 [39 <./figuras/fig14.png> <./figuras/fig15-eps-converted-to.pdf>]
Package epstopdf Info: Source file: <figuras/fig13.eps>
(epstopdf)                    date: 2024-06-01 21:02:34
(epstopdf)                    size: 12484675 bytes
(epstopdf)             Output file: <figuras/fig13-eps-converted-to.pdf>
(epstopdf)                    date: 2024-06-01 21:04:36
(epstopdf)                    size: 374429 bytes
(epstopdf)             Command: <repstopdf --outfile=figuras/fig13-eps-converted-to.pdf figuras/fig13.eps>
(epstopdf)             \includegraphics on input line 204.
Package epstopdf Info: Output file is already uptodate.
<figuras/fig13-eps-converted-to.pdf, id=712, 1017.8025pt x 1115.16624pt>
File: figuras/fig13-eps-converted-to.pdf Graphic file (type pdf)
<use figuras/fig13-eps-converted-to.pdf>
Package pdftex.def Info: figuras/fig13-eps-converted-to.pdf  used on input line 204.
(pdftex.def)             Requested size: 152.66379pt x 167.26772pt.
Package epstopdf Info: Source file: <figuras/fig16.eps>
(epstopdf)                    date: 2024-06-01 21:27:30
(epstopdf)                    size: 2922621 bytes
(epstopdf)             Output file: <figuras/fig16-eps-converted-to.pdf>
(epstopdf)                    date: 2024-06-01 21:28:29
(epstopdf)                    size: 114283 bytes
(epstopdf)             Command: <repstopdf --outfile=figuras/fig16-eps-converted-to.pdf figuras/fig16.eps>
(epstopdf)             \includegraphics on input line 213.
Package epstopdf Info: Output file is already uptodate.
<figuras/fig16-eps-converted-to.pdf, id=718, 803.0pt x 602.25pt>
File: figuras/fig16-eps-converted-to.pdf Graphic file (type pdf)
<use figuras/fig16-eps-converted-to.pdf>
Package pdftex.def Info: figuras/fig16-eps-converted-to.pdf  used on input line 213.
(pdftex.def)             Requested size: 240.90186pt x 180.67639pt.
 [40 <./figuras/fig13-eps-converted-to.pdf> <./figuras/fig16-eps-converted-to.pdf>]
<figuras/fig17.png, id=732, 1204.5pt x 652.4375pt>
File: figuras/fig17.png Graphic file (type png)
<use figuras/fig17.png>
Package pdftex.def Info: figuras/fig17.png  used on input line 222.
(pdftex.def)             Requested size: 361.35278pt x 195.73276pt.
<figuras/fig18.png, id=738, 1734.48pt x 1160.335pt>
File: figuras/fig18.png Graphic file (type png)
<use figuras/fig18.png>
Package pdftex.def Info: figuras/fig18.png  used on input line 231.
(pdftex.def)             Requested size: 346.88986pt x 232.06288pt.
 [41 <./figuras/fig17.png> <./figuras/fig18.png>] [42]
Package epstopdf Info: Source file: <figuras/fig09.eps>
(epstopdf)                    date: 2024-04-12 13:20:56
(epstopdf)                    size: 3481702 bytes
(epstopdf)             Output file: <figuras/fig09-eps-converted-to.pdf>
(epstopdf)                    date: 2024-04-12 14:37:43
(epstopdf)                    size: 105933 bytes
(epstopdf)             Command: <repstopdf --outfile=figuras/fig09-eps-converted-to.pdf figuras/fig09.eps>
(epstopdf)             \includegraphics on input line 256.
Package epstopdf Info: Output file is already uptodate.
<figuras/fig09-eps-converted-to.pdf, id=761, 1104.125pt x 521.95pt>
File: figuras/fig09-eps-converted-to.pdf Graphic file (type pdf)
<use figuras/fig09-eps-converted-to.pdf>
Package pdftex.def Info: figuras/fig09-eps-converted-to.pdf  used on input line 256.
(pdftex.def)             Requested size: 441.64218pt x 208.77629pt.
LaTeX Font Info:    Trying to load font information for TS1+lmr on input line 264.
 (/usr/share/texmf/tex/latex/lm/ts1lmr.fd
File: ts1lmr.fd 2009/10/30 v1.6 Font defs for Latin Modern
) [43 <./figuras/fig09-eps-converted-to.pdf>]
Overfull \hbox (0.10167pt too wide) in paragraph at lines 290--291
[]\T1/lmr/m/n/12 De acordo com Winer ([][]WINER[][], [][]2012[][][]), o de-sen-volvi-mento da conexão en-tre disposi-
 []

[44]
Package epstopdf Info: Source file: <figuras/fig11.eps>
(epstopdf)                    date: 2024-04-12 13:20:56
(epstopdf)                    size: 658386 bytes
(epstopdf)             Output file: <figuras/fig11-eps-converted-to.pdf>
(epstopdf)                    date: 2024-04-12 14:37:43
(epstopdf)                    size: 21256 bytes
(epstopdf)             Command: <repstopdf --outfile=figuras/fig11-eps-converted-to.pdf figuras/fig11.eps>
(epstopdf)             \includegraphics on input line 304.
Package epstopdf Info: Output file is already uptodate.
<figuras/fig11-eps-converted-to.pdf, id=785, 602.25pt x 179.67125pt>
File: figuras/fig11-eps-converted-to.pdf Graphic file (type pdf)
<use figuras/fig11-eps-converted-to.pdf>
Package pdftex.def Info: figuras/fig11-eps-converted-to.pdf  used on input line 304.
(pdftex.def)             Requested size: 240.89572pt x 71.86722pt.
Package epstopdf Info: Source file: <figuras/fig12.eps>
(epstopdf)                    date: 2024-04-12 13:20:56
(epstopdf)                    size: 683900 bytes
(epstopdf)             Output file: <figuras/fig12-eps-converted-to.pdf>
(epstopdf)                    date: 2024-04-12 14:37:44
(epstopdf)                    size: 24777 bytes
(epstopdf)             Command: <repstopdf --outfile=figuras/fig12-eps-converted-to.pdf figuras/fig12.eps>
(epstopdf)             \includegraphics on input line 313.
Package epstopdf Info: Output file is already uptodate.
<figuras/fig12-eps-converted-to.pdf, id=792, 602.25pt x 186.6975pt>
File: figuras/fig12-eps-converted-to.pdf Graphic file (type pdf)
<use figuras/fig12-eps-converted-to.pdf>
Package pdftex.def Info: figuras/fig12-eps-converted-to.pdf  used on input line 313.
(pdftex.def)             Requested size: 240.89572pt x 74.67767pt.
<figuras/fig19.png, id=798, 602.25pt x 437.635pt>
File: figuras/fig19.png Graphic file (type png)
<use figuras/fig19.png>
Package pdftex.def Info: figuras/fig19.png  used on input line 326.
(pdftex.def)             Requested size: 120.44786pt x 87.52544pt.


LaTeX Warning: `h' float specifier changed to `ht'.

<figuras/fig20.png, id=806, 897.3525pt x 719.68875pt>
File: figuras/fig20.png Graphic file (type png)
<use figuras/fig20.png>
Package pdftex.def Info: figuras/fig20.png  used on input line 335.
(pdftex.def)             Requested size: 179.46732pt x 143.9352pt.
[45 <./figuras/fig11-eps-converted-to.pdf> <./figuras/fig12-eps-converted-to.pdf>]
<figuras/fig21.png, id=821, 803.0pt x 803.0pt>
File: figuras/fig21.png Graphic file (type png)
<use figuras/fig21.png>
Package pdftex.def Info: figuras/fig21.png  used on input line 344.
(pdftex.def)             Requested size: 160.59715pt x 160.59715pt.
 [46 <./figuras/fig19.png> <./figuras/fig20.png> <./figuras/fig21.png>]
<figuras/fig22.png, id=833, 1505.625pt x 1505.625pt>
File: figuras/fig22.png Graphic file (type png)
<use figuras/fig22.png>
Package pdftex.def Info: figuras/fig22.png  used on input line 357.
(pdftex.def)             Requested size: 150.57132pt x 150.57132pt.
<figuras/fig23.png, id=841, 702.625pt x 539.01375pt>
File: figuras/fig23.png Graphic file (type png)
<use figuras/fig23.png>
Package pdftex.def Info: figuras/fig23.png  used on input line 370.
(pdftex.def)             Requested size: 140.5225pt x 107.80083pt.
 [47 <./figuras/fig22.png> <./figuras/fig23.png>]
Underfull \vbox (badness 3250) has occurred while \output is active []

 [48]) (./editaveis/metodologia.tex [49] [50

] [51] [52]
<figuras/fig52.png, id=874, 1036.87375pt x 302.12875pt>
File: figuras/fig52.png Graphic file (type png)
<use figuras/fig52.png>
Package pdftex.def Info: figuras/fig52.png  used on input line 57.
(pdftex.def)             Requested size: 455.0pt x 132.58208pt.
 [53 <./figuras/fig52.png>]
<figuras/fig54.png, id=882, 1176.395pt x 860.21375pt>
File: figuras/fig54.png Graphic file (type png)
<use figuras/fig54.png>
Package pdftex.def Info: figuras/fig54.png  used on input line 76.
(pdftex.def)             Requested size: 455.0pt x 332.71246pt.
 [54 <./figuras/fig54.png>]
<figuras/fig55.png, id=891, 1280.785pt x 532.99126pt>
File: figuras/fig55.png Graphic file (type png)
<use figuras/fig55.png>
Package pdftex.def Info: figuras/fig55.png  used on input line 97.
(pdftex.def)             Requested size: 455.0pt x 189.33928pt.
<figuras/fig56.png, id=893, 1396.21625pt x 467.7475pt>
File: figuras/fig56.png Graphic file (type png)
<use figuras/fig56.png>
Package pdftex.def Info: figuras/fig56.png  used on input line 112.
(pdftex.def)             Requested size: 455.0pt x 152.43008pt.


LaTeX Warning: `h' float specifier changed to `ht'.

[55 <./figuras/fig55.png>]
<figuras/fig59.png, id=901, 767.86874pt x 101.37875pt>
File: figuras/fig59.png Graphic file (type png)
<use figuras/fig59.png>
Package pdftex.def Info: figuras/fig59.png  used on input line 125.
(pdftex.def)             Requested size: 455.0pt x 60.07281pt.
 [56 <./figuras/fig56.png> <./figuras/fig59.png>]
<figuras/fig79.jpg, id=911, 120.45pt x 180.675pt>
File: figuras/fig79.jpg Graphic file (type jpg)
<use figuras/fig79.jpg>
Package pdftex.def Info: figuras/fig79.jpg  used on input line 145.
(pdftex.def)             Requested size: 136.50139pt x 204.77238pt.
LaTeX Font Info:    Trying to load font information for T1+lmtt on input line 159.
 (/usr/share/texmf/tex/latex/lm/t1lmtt.fd
File: t1lmtt.fd 2009/10/30 v1.6 Font defs for Latin Modern
) [57 <./figuras/fig79.jpg>]
<figuras/fig45.png, id=923, 578.16pt x 578.16pt>
File: figuras/fig45.png Graphic file (type png)
<use figuras/fig45.png>
Package pdftex.def Info: figuras/fig45.png  used on input line 173.
(pdftex.def)             Requested size: 318.49861pt x 318.49184pt.


LaTeX Warning: `h' float specifier changed to `ht'.

<figuras/fig44.png, id=924, 826.08624pt x 429.605pt>
File: figuras/fig44.png Graphic file (type png)
<use figuras/fig44.png>
Package pdftex.def Info: figuras/fig44.png  used on input line 182.
(pdftex.def)             Requested size: 409.49722pt x 212.95995pt.

LaTeX Warning: `h' float specifier changed to `ht'.

[58]
<figuras/fig46.png, id=932, 225.84375pt x 74.2775pt>
File: figuras/fig46.png Graphic file (type png)
<use figuras/fig46.png>
Package pdftex.def Info: figuras/fig46.png  used on input line 196.
(pdftex.def)             Requested size: 136.50139pt x 44.89665pt.


LaTeX Warning: `h' float specifier changed to `ht'.


Overfull \hbox (9.92021pt too wide) in paragraph at lines 201--202
[]\T1/lmr/m/n/12 O botão \T1/lmtt/m/n/12 toggle \T1/lmr/m/n/12 é us-ado para al-ternar en-tre os efeitos. Com duas posições disponíveis,
 []

<figuras/fig47.png, id=934, 124.465pt x 91.34125pt>
File: figuras/fig47.png Graphic file (type png)
<use figuras/fig47.png>
Package pdftex.def Info: figuras/fig47.png  used on input line 205.
(pdftex.def)             Requested size: 90.99861pt x 66.78308pt.

LaTeX Warning: `h' float specifier changed to `ht'.

<figuras/fig48.png, id=936, 214.8025pt x 232.87pt>
File: figuras/fig48.png Graphic file (type png)
<use figuras/fig48.png>
Package pdftex.def Info: figuras/fig48.png  used on input line 216.
(pdftex.def)             Requested size: 136.50139pt x 147.9845pt.

LaTeX Warning: `h' float specifier changed to `ht'.

<figuras/fig49.png, id=938, 722.7pt x 433.62pt>
File: figuras/fig49.png Graphic file (type png)
<use figuras/fig49.png>
Package pdftex.def Info: figuras/fig49.png  used on input line 226.
(pdftex.def)             Requested size: 409.49722pt x 245.6971pt.

LaTeX Warning: `h' float specifier changed to `ht'.


Underfull \vbox (badness 1661) has occurred while \output is active []

 [59 <./figuras/fig45.png>]
<figuras/fig50.png, id=946, 443.6575pt x 186.6975pt>
File: figuras/fig50.png Graphic file (type png)
<use figuras/fig50.png>
Package pdftex.def Info: figuras/fig50.png  used on input line 235.
(pdftex.def)             Requested size: 273.00278pt x 114.88237pt.


LaTeX Warning: `h' float specifier changed to `ht'.

[60 <./figuras/fig44.png> <./figuras/fig46.png> <./figuras/fig47.png>]
<figuras/fig51.png, id=955, 280.04625pt x 172.645pt>
File: figuras/fig51.png Graphic file (type png)
<use figuras/fig51.png>
Package pdftex.def Info: figuras/fig51.png  used on input line 245.
(pdftex.def)             Requested size: 136.50139pt x 84.1542pt.


LaTeX Warning: `h' float specifier changed to `ht'.

[61 <./figuras/fig48.png> <./figuras/fig49.png>]
<figuras/fig61.jpg, id=963, 602.25pt x 602.25pt>
File: figuras/fig61.jpg Graphic file (type jpg)
<use figuras/fig61.jpg>
Package pdftex.def Info: figuras/fig61.jpg  used on input line 267.
(pdftex.def)             Requested size: 136.50139pt x 136.50206pt.


LaTeX Warning: `h' float specifier changed to `ht'.

<figuras/fig62.png, id=969, 552.0625pt x 552.0625pt>
File: figuras/fig62.png Graphic file (type png)
<use figuras/fig62.png>
Package pdftex.def Info: figuras/fig62.png  used on input line 276.
(pdftex.def)             Requested size: 136.50139pt x 136.499pt.

LaTeX Warning: `h' float specifier changed to `ht'.

[62 <./figuras/fig50.png> <./figuras/fig51.png>]
<figuras/fig64.jpg, id=983, 903.375pt x 903.375pt>
File: figuras/fig64.jpg Graphic file (type jpg)
<use figuras/fig64.jpg>
Package pdftex.def Info: figuras/fig64.jpg  used on input line 291.
(pdftex.def)             Requested size: 227.5pt x 227.49731pt.


LaTeX Warning: `h' float specifier changed to `ht'.

<figuras/fig65.jpg, id=988, 1003.75pt x 565.11125pt>
File: figuras/fig65.jpg Graphic file (type jpg)
<use figuras/fig65.jpg>
Package pdftex.def Info: figuras/fig65.jpg  used on input line 304.
(pdftex.def)             Requested size: 227.5pt x 128.0758pt.

LaTeX Warning: `h' float specifier changed to `ht'.

[63 <./figuras/fig61.jpg> <./figuras/fig62.png>]
<figuras/fig80.png, id=1003, 1349.04pt x 661.47125pt>
File: figuras/fig80.png Graphic file (type png)
<use figuras/fig80.png>
Package pdftex.def Info: figuras/fig80.png  used on input line 321.
(pdftex.def)             Requested size: 455.0pt x 223.09056pt.
 [64 <./figuras/fig64.jpg> <./figuras/fig65.jpg>] [65 <./figuras/fig80.png>] [66]
Underfull \hbox (badness 4543) in paragraph at lines 381--382
\T1/lmr/m/n/12 Para garan-tir um pro-ces-sa-mento con-tínuo e efi-ciente, foi uti-lizada a função
 []


Overfull \hbox (1.68251pt too wide) in paragraph at lines 383--384
\T1/lmr/m/it/12 buffers \T1/lmr/m/n/12 cir-cu-lares a par-tir dos dois sinais de áu-dio ([][]\T1/lmtt/m/n/12 sinal1 []\T1/lmr/m/n/12 e [][]\T1/lmtt/m/n/12 sinal2[]\T1/lmr/m/n/12 ), alo-cando as memórias
 []

[67] [68] [69]
Overfull \hbox (2.60538pt too wide) in paragraph at lines 426--427
\T1/lmr/m/n/12 de-nom-i-nada [][]\T1/lmtt/m/n/12 delay.h[]\T1/lmr/m/n/12 , que con-tém duas funções: [][]\T1/lmtt/m/n/12 aplicar_delay()[]\T1/lmr/m/n/12 , re-spon-sável por aplicar
 []

[70]
Underfull \hbox (badness 10000) in paragraph at lines 455--457
[]\T1/lmr/m/n/12 A fór-mula \T1/lmtt/m/n/12 buffer[i] = (1.0f - wetness) * drySignal + wetness *
 []


Underfull \hbox (badness 1521) in paragraph at lines 455--457
\T1/lmtt/m/n/12 wetSignal \T1/lmr/m/n/12 cal-cula a mis-tura en-tre o sinal orig-i-nal (seco) e o sinal pro-ces-sado
 []


Underfull \vbox (badness 10000) has occurred while \output is active []

 [71]
Underfull \hbox (badness 10000) in paragraph at lines 473--474
[]\T1/lmr/m/n/12 A função que re-alizará pro-pri-a-mente a re-pro-dução do áu-dio é a
 []

[72]) (./editaveis/resultados.tex [73] [74

] [75]
<figuras/fig40.png, id=1078, 1011.78pt x 433.62pt>
File: figuras/fig40.png Graphic file (type png)
<use figuras/fig40.png>
Package pdftex.def Info: figuras/fig40.png  used on input line 30.
(pdftex.def)             Requested size: 318.49861pt x 136.49838pt.
<figuras/fig41.png, id=1081, 1011.78pt x 433.62pt>
File: figuras/fig41.png Graphic file (type png)
<use figuras/fig41.png>
Package pdftex.def Info: figuras/fig41.png  used on input line 39.
(pdftex.def)             Requested size: 318.49861pt x 136.49838pt.
<figuras/fig24.png, id=1083, 1011.78pt x 433.62pt>
File: figuras/fig24.png Graphic file (type png)
<use figuras/fig24.png>
Package pdftex.def Info: figuras/fig24.png  used on input line 48.
(pdftex.def)             Requested size: 318.49861pt x 136.49838pt.


LaTeX Warning: `h' float specifier changed to `ht'.

<figuras/fig25.png, id=1085, 1011.78pt x 433.62pt>
File: figuras/fig25.png Graphic file (type png)
<use figuras/fig25.png>
Package pdftex.def Info: figuras/fig25.png  used on input line 57.
(pdftex.def)             Requested size: 318.49861pt x 136.49838pt.

LaTeX Warning: `h' float specifier changed to `ht'.

[76 <./figuras/fig40.png> <./figuras/fig41.png>]
<figuras/fig28.png, id=1095, 1011.78pt x 433.62pt>
File: figuras/fig28.png Graphic file (type png)
<use figuras/fig28.png>
Package pdftex.def Info: figuras/fig28.png  used on input line 69.
(pdftex.def)             Requested size: 318.49861pt x 136.49838pt.
<figuras/fig29.png, id=1097, 1011.78pt x 433.62pt>
File: figuras/fig29.png Graphic file (type png)
<use figuras/fig29.png>
Package pdftex.def Info: figuras/fig29.png  used on input line 78.
(pdftex.def)             Requested size: 318.49861pt x 136.49838pt.


LaTeX Warning: `h' float specifier changed to `ht'.

<figuras/fig26.png, id=1100, 1011.78pt x 433.62pt>
File: figuras/fig26.png Graphic file (type png)
<use figuras/fig26.png>
Package pdftex.def Info: figuras/fig26.png  used on input line 87.
(pdftex.def)             Requested size: 318.49861pt x 136.49838pt.
[77 <./figuras/fig24.png> <./figuras/fig25.png> <./figuras/fig28.png>]
<figuras/fig27.png, id=1110, 1011.78pt x 433.62pt>
File: figuras/fig27.png Graphic file (type png)
<use figuras/fig27.png>
Package pdftex.def Info: figuras/fig27.png  used on input line 96.
(pdftex.def)             Requested size: 318.49861pt x 136.49838pt.
<figuras/fig30.png, id=1114, 1011.78pt x 433.62pt>
File: figuras/fig30.png Graphic file (type png)
<use figuras/fig30.png>
Package pdftex.def Info: figuras/fig30.png  used on input line 105.
(pdftex.def)             Requested size: 318.49861pt x 136.49838pt.


LaTeX Warning: `h' float specifier changed to `ht'.

[78 <./figuras/fig29.png> <./figuras/fig26.png> <./figuras/fig27.png>]
<figuras/fig31.png, id=1124, 1011.78pt x 433.62pt>
File: figuras/fig31.png Graphic file (type png)
<use figuras/fig31.png>
Package pdftex.def Info: figuras/fig31.png  used on input line 114.
(pdftex.def)             Requested size: 318.49861pt x 136.49838pt.
 [79 <./figuras/fig30.png> <./figuras/fig31.png>]
<figuras/fig66.png, id=1139, 1011.78pt x 433.62pt>
File: figuras/fig66.png Graphic file (type png)
<use figuras/fig66.png>
Package pdftex.def Info: figuras/fig66.png  used on input line 136.
(pdftex.def)             Requested size: 318.49861pt x 136.49838pt.
<figuras/fig67.png, id=1142, 1011.78pt x 433.62pt>
File: figuras/fig67.png Graphic file (type png)
<use figuras/fig67.png>
Package pdftex.def Info: figuras/fig67.png  used on input line 145.
(pdftex.def)             Requested size: 318.49861pt x 136.49838pt.
 [80 <./figuras/fig66.png> <./figuras/fig67.png>]
<figuras/fig68.png, id=1152, 1011.78pt x 433.62pt>
File: figuras/fig68.png Graphic file (type png)
<use figuras/fig68.png>
Package pdftex.def Info: figuras/fig68.png  used on input line 156.
(pdftex.def)             Requested size: 318.49861pt x 136.49838pt.
<figuras/fig69.png, id=1154, 1011.78pt x 433.62pt>
File: figuras/fig69.png Graphic file (type png)
<use figuras/fig69.png>
Package pdftex.def Info: figuras/fig69.png  used on input line 165.
(pdftex.def)             Requested size: 318.49861pt x 136.49838pt.
<figuras/fig70.png, id=1156, 1011.78pt x 433.62pt>
File: figuras/fig70.png Graphic file (type png)
<use figuras/fig70.png>
Package pdftex.def Info: figuras/fig70.png  used on input line 180.
(pdftex.def)             Requested size: 318.49861pt x 136.49838pt.


LaTeX Warning: `h' float specifier changed to `ht'.

<figuras/fig71.png, id=1158, 1011.78pt x 433.62pt>
File: figuras/fig71.png Graphic file (type png)
<use figuras/fig71.png>
Package pdftex.def Info: figuras/fig71.png  used on input line 189.
(pdftex.def)             Requested size: 318.49861pt x 136.49838pt.
[81 <./figuras/fig68.png> <./figuras/fig69.png>] [82 <./figuras/fig70.png> <./figuras/fig71.png>]
<figuras/fig72.png, id=1172, 1011.78pt x 433.62pt>
File: figuras/fig72.png Graphic file (type png)
<use figuras/fig72.png>
Package pdftex.def Info: figuras/fig72.png  used on input line 200.
(pdftex.def)             Requested size: 318.49861pt x 136.49838pt.
<figuras/fig73.png, id=1174, 1011.78pt x 433.62pt>
File: figuras/fig73.png Graphic file (type png)
<use figuras/fig73.png>
Package pdftex.def Info: figuras/fig73.png  used on input line 209.
(pdftex.def)             Requested size: 318.49861pt x 136.49838pt.
 [83 <./figuras/fig72.png> <./figuras/fig73.png>]
<figuras/fig74.png, id=1183, 1011.78pt x 433.62pt>
File: figuras/fig74.png Graphic file (type png)
<use figuras/fig74.png>
Package pdftex.def Info: figuras/fig74.png  used on input line 223.
(pdftex.def)             Requested size: 318.49861pt x 136.49838pt.
<figuras/fig75.png, id=1185, 1011.78pt x 433.62pt>
File: figuras/fig75.png Graphic file (type png)
<use figuras/fig75.png>
Package pdftex.def Info: figuras/fig75.png  used on input line 232.
(pdftex.def)             Requested size: 318.49861pt x 136.49838pt.
<figuras/fig76.png, id=1187, 1011.78pt x 433.62pt>
File: figuras/fig76.png Graphic file (type png)
<use figuras/fig76.png>
Package pdftex.def Info: figuras/fig76.png  used on input line 241.
(pdftex.def)             Requested size: 318.49861pt x 136.49838pt.
 [84 <./figuras/fig74.png> <./figuras/fig75.png> <./figuras/fig76.png>]
<figuras/fig77.png, id=1196, 1011.78pt x 433.62pt>
File: figuras/fig77.png Graphic file (type png)
<use figuras/fig77.png>
Package pdftex.def Info: figuras/fig77.png  used on input line 251.
(pdftex.def)             Requested size: 318.49861pt x 136.49838pt.
) (./editaveis/conclusao.tex [85 <./figuras/fig77.png>] [86

]) (./tcc.bbl (./tcc.brf)
\tf@brf=\write5
\openout5 = `tcc.brf'.

 [87] [88

]
bibitemlist

Underfull \hbox (badness 1448) in paragraph at lines 53--53
[]\T1/lmr/m/n/12 EVEA. \T1/lmr/m/it/12 Ro-tat-ing Knob But-ton, 2 Fixed Po-si-tions\T1/lmr/m/n/12 . 2024. 
 []


Underfull \hbox (badness 2452) in paragraph at lines 53--53
[][]$\T1/lmr/m/n/12 <[]https : / / www . evea-[]solutions . com / en / switchs-[]and-[]leds / 
 []

[89] [90]) (./tcc.ind) 
AED: lastpage setting LastPage
[91]
\tf@lof=\write6
\openout6 = `tcc.lof'.

\tf@lot=\write7
\openout7 = `tcc.lot'.

\tf@toc=\write8
\openout8 = `tcc.toc'.

 (./tcc.aux)
Package rerunfilecheck Info: File `tcc.brf' has not changed.
(rerunfilecheck)             Checksum: E28AC27E7F1F33EAC5DD633A8A0B48DC;5428.
 ) 
Here is how much of TeX's memory you used:
 17646 strings out of 480247
 282622 string characters out of 5896151
 614937 words of memory out of 5000000
 34841 multiletter control sequences out of 15000+600000
 543718 words of font info for 68 fonts, out of 8000000 for 9000
 26 hyphenation exceptions out of 8191
 80i,13n,96p,1831b,590s stack positions out of 5000i,500n,10000p,200000b,80000s
{/usr/share/texmf/fonts/enc/dvips/lm/lm-ec.enc}{/usr/share/texmf/fonts/enc/dvips/lm/lm-ts1.enc}{/usr/share/texmf/fonts/enc/dvips/lm/lm-mathsy.enc}{/usr/share/texmf/fonts/enc/dvips/lm/lm-mathex.enc}{/usr/share/texmf/fonts/enc/dvips/lm/lm-rm.enc}{/usr/share/texmf/fonts/enc/dvips/lm/lm-mathit.enc}</usr/share/texmf/fonts/type1/public/lm/lmbx12.pfb></usr/share/texmf/fonts/type1/public/lm/lmex10.pfb></usr/share/texmf/fonts/type1/public/lm/lmmi12.pfb></usr/share/texmf/fonts/type1/public/lm/lmmi8.pfb></usr/share/texmf/fonts/type1/public/lm/lmr10.pfb></usr/share/texmf/fonts/type1/public/lm/lmr12.pfb></usr/share/texmf/fonts/type1/public/lm/lmr8.pfb></usr/share/texmf/fonts/type1/public/lm/lmri10.pfb></usr/share/texmf/fonts/type1/public/lm/lmri12.pfb></usr/share/texmf/fonts/type1/public/lm/lmss10.pfb></usr/share/texmf/fonts/type1/public/lm/lmss12.pfb></usr/share/texmf/fonts/type1/public/lm/lmss17.pfb></usr/share/texmf/fonts/type1/public/lm/lmssbx10.pfb></usr/share/texmf/fonts/type1/public/lm/lmsso12.pfb></usr/share/texmf/fonts/type1/public/lm/lmsy10.pfb></usr/share/texmf/fonts/type1/public/lm/lmsy8.pfb></usr/share/texmf/fonts/type1/public/lm/lmtt12.pfb>
Output written on tcc.pdf (93 pages, 14413816 bytes).
PDF statistics:
 1690 PDF objects out of 1728 (max. 8388607)
 1395 compressed objects within 14 object streams
 303 named destinations out of 1000 (max. 500000)
 904 words of extra memory for PDF output out of 10000 (max. 10000000)

